[21:25:45] [main/INFO] [GradleStart]: userProperties: {}
[21:25:45] [main/INFO] [GradleStart]: assetsDir: C:\Users\JamesD\.gradle\caches\retro_futura_gradle\assets
[21:25:45] [main/INFO] [GradleStart]: assetIndex: 1.7.10
[21:25:45] [main/INFO] [GradleStart]: accessToken: 0
[21:25:45] [main/INFO] [GradleStart]: version: 1.7.10
[21:25:45] [main/INFO] [GradleStart]: username: Developer
[21:25:45] [main/INFO] [GradleStart]: Extra: [--gameDir, H:\GitHub\MinecraftModding\Somnia\run, --uuid, 31c4910d-9b69-4725-8969-9ed53ac8a7dc]
[21:25:45] [main/INFO] [GradleStart]: Running with arguments: [--userProperties, {}, --assetsDir, C:\Users\JamesD\.gradle\caches\retro_futura_gradle\assets, --assetIndex, 1.7.10, --accessToken, {REDACTED}, --version, 1.7.10, --username, Developer, --tweakClass, cpw.mods.fml.common.launcher.FMLTweaker, --gameDir, H:\GitHub\MinecraftModding\Somnia\run, --uuid, 31c4910d-9b69-4725-8969-9ed53ac8a7dc, --tweakClass, net.minecraftforge.gradle.tweakers.CoremodTweaker]
[21:25:45] [main/INFO] [LaunchWrapper]: Loading tweak class name cpw.mods.fml.common.launcher.FMLTweaker
[21:25:45] [main/INFO] [LaunchWrapper]: Using primary tweak class name cpw.mods.fml.common.launcher.FMLTweaker
[21:25:45] [main/INFO] [LaunchWrapper]: Loading tweak class name net.minecraftforge.gradle.tweakers.CoremodTweaker
[21:25:45] [main/INFO] [LaunchWrapper]: Calling tweak class cpw.mods.fml.common.launcher.FMLTweaker
[21:35:58] [main/INFO] [GradleStart]: userProperties: {}
[21:35:58] [main/INFO] [GradleStart]: assetsDir: C:\Users\JamesD\.gradle\caches\retro_futura_gradle\assets
[21:35:58] [main/INFO] [GradleStart]: assetIndex: 1.7.10
[21:35:58] [main/INFO] [GradleStart]: accessToken: 0
[21:35:58] [main/INFO] [GradleStart]: version: 1.7.10
[21:35:58] [main/INFO] [GradleStart]: username: Developer
[21:35:58] [main/INFO] [GradleStart]: Extra: [--gameDir, H:\GitHub\MinecraftModding\Somnia\run, --uuid, 31c4910d-9b69-4725-8969-9ed53ac8a7dc]
[21:35:58] [main/INFO] [GradleStart]: Running with arguments: [--userProperties, {}, --assetsDir, C:\Users\JamesD\.gradle\caches\retro_futura_gradle\assets, --assetIndex, 1.7.10, --accessToken, {REDACTED}, --version, 1.7.10, --username, Developer, --tweakClass, cpw.mods.fml.common.launcher.FMLTweaker, --gameDir, H:\GitHub\MinecraftModding\Somnia\run, --uuid, 31c4910d-9b69-4725-8969-9ed53ac8a7dc, --tweakClass, net.minecraftforge.gradle.tweakers.CoremodTweaker]
[21:35:58] [main/INFO] [LaunchWrapper]: Loading tweak class name cpw.mods.fml.common.launcher.FMLTweaker
[21:35:58] [main/INFO] [LaunchWrapper]: Using primary tweak class name cpw.mods.fml.common.launcher.FMLTweaker
[21:35:58] [main/INFO] [LaunchWrapper]: Loading tweak class name net.minecraftforge.gradle.tweakers.CoremodTweaker
[21:35:58] [main/INFO] [LaunchWrapper]: Calling tweak class cpw.mods.fml.common.launcher.FMLTweaker
[21:38:14] [main/INFO] [GradleStart]: userProperties: {}
[21:38:14] [main/INFO] [GradleStart]: assetsDir: C:\Users\JamesD\.gradle\caches\retro_futura_gradle\assets
[21:38:14] [main/INFO] [GradleStart]: assetIndex: 1.7.10
[21:38:14] [main/INFO] [GradleStart]: accessToken: 0
[21:38:14] [main/INFO] [GradleStart]: version: 1.7.10
[21:38:14] [main/INFO] [GradleStart]: username: Developer
[21:38:14] [main/INFO] [GradleStart]: Extra: [--gameDir, H:\GitHub\MinecraftModding\Somnia\run, --uuid, 31c4910d-9b69-4725-8969-9ed53ac8a7dc]
[21:38:14] [main/INFO] [GradleStart]: Running with arguments: [--userProperties, {}, --assetsDir, C:\Users\JamesD\.gradle\caches\retro_futura_gradle\assets, --assetIndex, 1.7.10, --accessToken, {REDACTED}, --version, 1.7.10, --username, Developer, --tweakClass, cpw.mods.fml.common.launcher.FMLTweaker, --gameDir, H:\GitHub\MinecraftModding\Somnia\run, --uuid, 31c4910d-9b69-4725-8969-9ed53ac8a7dc, --tweakClass, net.minecraftforge.gradle.tweakers.CoremodTweaker]
[21:38:14] [main/INFO] [LaunchWrapper]: Loading tweak class name cpw.mods.fml.common.launcher.FMLTweaker
[21:38:14] [main/INFO] [LaunchWrapper]: Using primary tweak class name cpw.mods.fml.common.launcher.FMLTweaker
[21:38:14] [main/INFO] [LaunchWrapper]: Loading tweak class name net.minecraftforge.gradle.tweakers.CoremodTweaker
[21:38:14] [main/INFO] [LaunchWrapper]: Calling tweak class cpw.mods.fml.common.launcher.FMLTweaker
[21:49:21] [main/INFO] [GradleStart]: userProperties: {}
[21:49:21] [main/INFO] [GradleStart]: assetsDir: C:\Users\JamesD\.gradle\caches\retro_futura_gradle\assets
[21:49:21] [main/INFO] [GradleStart]: assetIndex: 1.7.10
[21:49:21] [main/INFO] [GradleStart]: accessToken: 0
[21:49:21] [main/INFO] [GradleStart]: version: 1.7.10
[21:49:21] [main/INFO] [GradleStart]: username: Developer
[21:49:21] [main/INFO] [GradleStart]: Extra: [--gameDir, H:\GitHub\MinecraftModding\Somnia\run, --uuid, 31c4910d-9b69-4725-8969-9ed53ac8a7dc]
[21:49:21] [main/INFO] [GradleStart]: Running with arguments: [--userProperties, {}, --assetsDir, C:\Users\JamesD\.gradle\caches\retro_futura_gradle\assets, --assetIndex, 1.7.10, --accessToken, {REDACTED}, --version, 1.7.10, --username, Developer, --tweakClass, cpw.mods.fml.common.launcher.FMLTweaker, --gameDir, H:\GitHub\MinecraftModding\Somnia\run, --uuid, 31c4910d-9b69-4725-8969-9ed53ac8a7dc, --tweakClass, net.minecraftforge.gradle.tweakers.CoremodTweaker]
[21:49:21] [main/INFO] [LaunchWrapper]: Loading tweak class name cpw.mods.fml.common.launcher.FMLTweaker
[21:49:21] [main/INFO] [LaunchWrapper]: Using primary tweak class name cpw.mods.fml.common.launcher.FMLTweaker
[21:49:21] [main/INFO] [LaunchWrapper]: Loading tweak class name net.minecraftforge.gradle.tweakers.CoremodTweaker
[21:49:21] [main/INFO] [LaunchWrapper]: Calling tweak class cpw.mods.fml.common.launcher.FMLTweaker
[21:52:26] [main/INFO] [GradleStart]: userProperties: {}
[21:52:26] [main/INFO] [GradleStart]: assetsDir: C:\Users\JamesD\.gradle\caches\retro_futura_gradle\assets
[21:52:26] [main/INFO] [GradleStart]: assetIndex: 1.7.10
[21:52:26] [main/INFO] [GradleStart]: accessToken: 0
[21:52:26] [main/INFO] [GradleStart]: version: 1.7.10
[21:52:26] [main/INFO] [GradleStart]: username: Developer
[21:52:26] [main/INFO] [GradleStart]: Extra: [--gameDir, H:\GitHub\MinecraftModding\Somnia\run, --uuid, 31c4910d-9b69-4725-8969-9ed53ac8a7dc]
[21:52:26] [main/INFO] [GradleStart]: Running with arguments: [--userProperties, {}, --assetsDir, C:\Users\JamesD\.gradle\caches\retro_futura_gradle\assets, --assetIndex, 1.7.10, --accessToken, {REDACTED}, --version, 1.7.10, --username, Developer, --tweakClass, cpw.mods.fml.common.launcher.FMLTweaker, --gameDir, H:\GitHub\MinecraftModding\Somnia\run, --uuid, 31c4910d-9b69-4725-8969-9ed53ac8a7dc, --tweakClass, net.minecraftforge.gradle.tweakers.CoremodTweaker]
[21:52:26] [main/INFO] [LaunchWrapper]: Loading tweak class name cpw.mods.fml.common.launcher.FMLTweaker
[21:52:26] [main/INFO] [LaunchWrapper]: Using primary tweak class name cpw.mods.fml.common.launcher.FMLTweaker
[21:52:26] [main/INFO] [LaunchWrapper]: Loading tweak class name net.minecraftforge.gradle.tweakers.CoremodTweaker
[21:52:26] [main/INFO] [LaunchWrapper]: Calling tweak class cpw.mods.fml.common.launcher.FMLTweaker
[21:57:35] [main/INFO] [GradleStart]: userProperties: {}
[21:57:35] [main/INFO] [GradleStart]: assetsDir: C:\Users\JamesD\.gradle\caches\retro_futura_gradle\assets
[21:57:35] [main/INFO] [GradleStart]: assetIndex: 1.7.10
[21:57:35] [main/INFO] [GradleStart]: accessToken: 0
[21:57:35] [main/INFO] [GradleStart]: version: 1.7.10
[21:57:35] [main/INFO] [GradleStart]: username: Developer
[21:57:35] [main/INFO] [GradleStart]: Extra: [--gameDir, H:\GitHub\MinecraftModding\Somnia\run, --uuid, 31c4910d-9b69-4725-8969-9ed53ac8a7dc]
[21:57:35] [main/INFO] [GradleStart]: Running with arguments: [--userProperties, {}, --assetsDir, C:\Users\JamesD\.gradle\caches\retro_futura_gradle\assets, --assetIndex, 1.7.10, --accessToken, {REDACTED}, --version, 1.7.10, --username, Developer, --tweakClass, cpw.mods.fml.common.launcher.FMLTweaker, --gameDir, H:\GitHub\MinecraftModding\Somnia\run, --uuid, 31c4910d-9b69-4725-8969-9ed53ac8a7dc, --tweakClass, net.minecraftforge.gradle.tweakers.CoremodTweaker]
[21:57:35] [main/INFO] [LaunchWrapper]: Loading tweak class name cpw.mods.fml.common.launcher.FMLTweaker
[21:57:35] [main/INFO] [LaunchWrapper]: Using primary tweak class name cpw.mods.fml.common.launcher.FMLTweaker
[21:57:35] [main/INFO] [LaunchWrapper]: Loading tweak class name net.minecraftforge.gradle.tweakers.CoremodTweaker
[21:57:35] [main/INFO] [LaunchWrapper]: Calling tweak class cpw.mods.fml.common.launcher.FMLTweaker
[22:03:56] [main/INFO] [GradleStart]: userProperties: {}
[22:03:56] [main/INFO] [GradleStart]: assetsDir: C:\Users\JamesD\.gradle\caches\retro_futura_gradle\assets
[22:03:56] [main/INFO] [GradleStart]: assetIndex: 1.7.10
[22:03:56] [main/INFO] [GradleStart]: accessToken: 0
[22:03:56] [main/INFO] [GradleStart]: version: 1.7.10
[22:03:56] [main/INFO] [GradleStart]: username: Developer
[22:03:56] [main/INFO] [GradleStart]: Extra: [--gameDir, H:\GitHub\MinecraftModding\Somnia\run, --uuid, 31c4910d-9b69-4725-8969-9ed53ac8a7dc]
[22:03:56] [main/INFO] [GradleStart]: Running with arguments: [--userProperties, {}, --assetsDir, C:\Users\JamesD\.gradle\caches\retro_futura_gradle\assets, --assetIndex, 1.7.10, --accessToken, {REDACTED}, --version, 1.7.10, --username, Developer, --tweakClass, cpw.mods.fml.common.launcher.FMLTweaker, --gameDir, H:\GitHub\MinecraftModding\Somnia\run, --uuid, 31c4910d-9b69-4725-8969-9ed53ac8a7dc, --tweakClass, net.minecraftforge.gradle.tweakers.CoremodTweaker]
[22:03:56] [main/INFO] [LaunchWrapper]: Loading tweak class name cpw.mods.fml.common.launcher.FMLTweaker
[22:03:56] [main/INFO] [LaunchWrapper]: Using primary tweak class name cpw.mods.fml.common.launcher.FMLTweaker
[22:03:56] [main/INFO] [LaunchWrapper]: Loading tweak class name net.minecraftforge.gradle.tweakers.CoremodTweaker
[22:03:56] [main/INFO] [LaunchWrapper]: Calling tweak class cpw.mods.fml.common.launcher.FMLTweaker
[22:06:23] [main/INFO] [GradleStart]: userProperties: {}
[22:06:23] [main/INFO] [GradleStart]: assetsDir: C:\Users\JamesD\.gradle\caches\retro_futura_gradle\assets
[22:06:23] [main/INFO] [GradleStart]: assetIndex: 1.7.10
[22:06:23] [main/INFO] [GradleStart]: accessToken: 0
[22:06:23] [main/INFO] [GradleStart]: version: 1.7.10
[22:06:23] [main/INFO] [GradleStart]: username: Developer
[22:06:23] [main/INFO] [GradleStart]: Extra: [--gameDir, H:\GitHub\MinecraftModding\Somnia\run, --uuid, 31c4910d-9b69-4725-8969-9ed53ac8a7dc]
[22:06:23] [main/INFO] [GradleStart]: Running with arguments: [--userProperties, {}, --assetsDir, C:\Users\JamesD\.gradle\caches\retro_futura_gradle\assets, --assetIndex, 1.7.10, --accessToken, {REDACTED}, --version, 1.7.10, --username, Developer, --tweakClass, cpw.mods.fml.common.launcher.FMLTweaker, --gameDir, H:\GitHub\MinecraftModding\Somnia\run, --uuid, 31c4910d-9b69-4725-8969-9ed53ac8a7dc, --tweakClass, net.minecraftforge.gradle.tweakers.CoremodTweaker]
[22:06:23] [main/INFO] [LaunchWrapper]: Loading tweak class name cpw.mods.fml.common.launcher.FMLTweaker
[22:06:23] [main/INFO] [LaunchWrapper]: Using primary tweak class name cpw.mods.fml.common.launcher.FMLTweaker
[22:06:23] [main/INFO] [LaunchWrapper]: Loading tweak class name net.minecraftforge.gradle.tweakers.CoremodTweaker
[22:06:23] [main/INFO] [LaunchWrapper]: Calling tweak class cpw.mods.fml.common.launcher.FMLTweaker
[22:08:48] [main/INFO] [GradleStart]: userProperties: {}
[22:08:48] [main/INFO] [GradleStart]: assetsDir: C:\Users\JamesD\.gradle\caches\retro_futura_gradle\assets
[22:08:48] [main/INFO] [GradleStart]: assetIndex: 1.7.10
[22:08:48] [main/INFO] [GradleStart]: accessToken: 0
[22:08:48] [main/INFO] [GradleStart]: version: 1.7.10
[22:08:48] [main/INFO] [GradleStart]: username: Developer
[22:08:48] [main/INFO] [GradleStart]: Extra: [--gameDir, H:\GitHub\MinecraftModding\Somnia\run, --uuid, 31c4910d-9b69-4725-8969-9ed53ac8a7dc]
[22:08:48] [main/INFO] [GradleStart]: Running with arguments: [--userProperties, {}, --assetsDir, C:\Users\JamesD\.gradle\caches\retro_futura_gradle\assets, --assetIndex, 1.7.10, --accessToken, {REDACTED}, --version, 1.7.10, --username, Developer, --tweakClass, cpw.mods.fml.common.launcher.FMLTweaker, --gameDir, H:\GitHub\MinecraftModding\Somnia\run, --uuid, 31c4910d-9b69-4725-8969-9ed53ac8a7dc, --tweakClass, net.minecraftforge.gradle.tweakers.CoremodTweaker]
[22:08:48] [main/INFO] [LaunchWrapper]: Loading tweak class name cpw.mods.fml.common.launcher.FMLTweaker
[22:08:48] [main/INFO] [LaunchWrapper]: Using primary tweak class name cpw.mods.fml.common.launcher.FMLTweaker
[22:08:48] [main/INFO] [LaunchWrapper]: Loading tweak class name net.minecraftforge.gradle.tweakers.CoremodTweaker
[22:08:48] [main/INFO] [LaunchWrapper]: Calling tweak class cpw.mods.fml.common.launcher.FMLTweaker
[22:12:31] [main/INFO] [GradleStart]: userProperties: {}
[22:12:31] [main/INFO] [GradleStart]: assetsDir: C:\Users\JamesD\.gradle\caches\retro_futura_gradle\assets
[22:12:31] [main/INFO] [GradleStart]: assetIndex: 1.7.10
[22:12:31] [main/INFO] [GradleStart]: accessToken: 0
[22:12:31] [main/INFO] [GradleStart]: version: 1.7.10
[22:12:31] [main/INFO] [GradleStart]: username: Developer
[22:12:31] [main/INFO] [GradleStart]: Extra: [--gameDir, H:\GitHub\MinecraftModding\Somnia\run, --uuid, 31c4910d-9b69-4725-8969-9ed53ac8a7dc]
[22:12:31] [main/INFO] [GradleStart]: Running with arguments: [--userProperties, {}, --assetsDir, C:\Users\JamesD\.gradle\caches\retro_futura_gradle\assets, --assetIndex, 1.7.10, --accessToken, {REDACTED}, --version, 1.7.10, --username, Developer, --tweakClass, cpw.mods.fml.common.launcher.FMLTweaker, --gameDir, H:\GitHub\MinecraftModding\Somnia\run, --uuid, 31c4910d-9b69-4725-8969-9ed53ac8a7dc, --tweakClass, net.minecraftforge.gradle.tweakers.CoremodTweaker]
[22:12:31] [main/INFO] [LaunchWrapper]: Loading tweak class name cpw.mods.fml.common.launcher.FMLTweaker
[22:12:31] [main/INFO] [LaunchWrapper]: Using primary tweak class name cpw.mods.fml.common.launcher.FMLTweaker
[22:12:31] [main/INFO] [LaunchWrapper]: Loading tweak class name net.minecraftforge.gradle.tweakers.CoremodTweaker
[22:12:31] [main/INFO] [LaunchWrapper]: Calling tweak class cpw.mods.fml.common.launcher.FMLTweaker
[22:14:05] [main/INFO] [GradleStart]: userProperties: {}
[22:14:05] [main/INFO] [GradleStart]: assetsDir: C:\Users\JamesD\.gradle\caches\retro_futura_gradle\assets
[22:14:05] [main/INFO] [GradleStart]: assetIndex: 1.7.10
[22:14:05] [main/INFO] [GradleStart]: accessToken: 0
[22:14:05] [main/INFO] [GradleStart]: version: 1.7.10
[22:14:05] [main/INFO] [GradleStart]: username: Developer
[22:14:05] [main/INFO] [GradleStart]: Extra: [--gameDir, H:\GitHub\MinecraftModding\Somnia\run, --uuid, 31c4910d-9b69-4725-8969-9ed53ac8a7dc]
[22:14:05] [main/INFO] [GradleStart]: Running with arguments: [--userProperties, {}, --assetsDir, C:\Users\JamesD\.gradle\caches\retro_futura_gradle\assets, --assetIndex, 1.7.10, --accessToken, {REDACTED}, --version, 1.7.10, --username, Developer, --tweakClass, cpw.mods.fml.common.launcher.FMLTweaker, --gameDir, H:\GitHub\MinecraftModding\Somnia\run, --uuid, 31c4910d-9b69-4725-8969-9ed53ac8a7dc, --tweakClass, net.minecraftforge.gradle.tweakers.CoremodTweaker]
[22:14:05] [main/INFO] [LaunchWrapper]: Loading tweak class name cpw.mods.fml.common.launcher.FMLTweaker
[22:14:05] [main/INFO] [LaunchWrapper]: Using primary tweak class name cpw.mods.fml.common.launcher.FMLTweaker
[22:14:05] [main/INFO] [LaunchWrapper]: Loading tweak class name net.minecraftforge.gradle.tweakers.CoremodTweaker
[22:14:05] [main/INFO] [LaunchWrapper]: Calling tweak class cpw.mods.fml.common.launcher.FMLTweaker
[22:16:14] [main/INFO] [GradleStart]: userProperties: {}
[22:16:14] [main/INFO] [GradleStart]: assetsDir: C:\Users\JamesD\.gradle\caches\retro_futura_gradle\assets
[22:16:14] [main/INFO] [GradleStart]: assetIndex: 1.7.10
[22:16:14] [main/INFO] [GradleStart]: accessToken: 0
[22:16:14] [main/INFO] [GradleStart]: version: 1.7.10
[22:16:14] [main/INFO] [GradleStart]: username: Developer
[22:16:14] [main/INFO] [GradleStart]: Extra: [--gameDir, H:\GitHub\MinecraftModding\Somnia\run, --uuid, 31c4910d-9b69-4725-8969-9ed53ac8a7dc]
[22:16:14] [main/INFO] [GradleStart]: Running with arguments: [--userProperties, {}, --assetsDir, C:\Users\JamesD\.gradle\caches\retro_futura_gradle\assets, --assetIndex, 1.7.10, --accessToken, {REDACTED}, --version, 1.7.10, --username, Developer, --tweakClass, cpw.mods.fml.common.launcher.FMLTweaker, --gameDir, H:\GitHub\MinecraftModding\Somnia\run, --uuid, 31c4910d-9b69-4725-8969-9ed53ac8a7dc, --tweakClass, net.minecraftforge.gradle.tweakers.CoremodTweaker]
[22:16:14] [main/INFO] [LaunchWrapper]: Loading tweak class name cpw.mods.fml.common.launcher.FMLTweaker
[22:16:14] [main/INFO] [LaunchWrapper]: Using primary tweak class name cpw.mods.fml.common.launcher.FMLTweaker
[22:16:14] [main/INFO] [LaunchWrapper]: Loading tweak class name net.minecraftforge.gradle.tweakers.CoremodTweaker
[22:16:14] [main/INFO] [LaunchWrapper]: Calling tweak class cpw.mods.fml.common.launcher.FMLTweaker
[22:18:27] [main/INFO] [GradleStart]: userProperties: {}
[22:18:27] [main/INFO] [GradleStart]: assetsDir: C:\Users\JamesD\.gradle\caches\retro_futura_gradle\assets
[22:18:27] [main/INFO] [GradleStart]: assetIndex: 1.7.10
[22:18:27] [main/INFO] [GradleStart]: accessToken: 0
[22:18:27] [main/INFO] [GradleStart]: version: 1.7.10
[22:18:27] [main/INFO] [GradleStart]: username: Developer
[22:18:27] [main/INFO] [GradleStart]: Extra: [--gameDir, H:\GitHub\MinecraftModding\Somnia\run, --uuid, 31c4910d-9b69-4725-8969-9ed53ac8a7dc]
[22:18:27] [main/INFO] [GradleStart]: Running with arguments: [--userProperties, {}, --assetsDir, C:\Users\JamesD\.gradle\caches\retro_futura_gradle\assets, --assetIndex, 1.7.10, --accessToken, {REDACTED}, --version, 1.7.10, --username, Developer, --tweakClass, cpw.mods.fml.common.launcher.FMLTweaker, --gameDir, H:\GitHub\MinecraftModding\Somnia\run, --uuid, 31c4910d-9b69-4725-8969-9ed53ac8a7dc, --tweakClass, net.minecraftforge.gradle.tweakers.CoremodTweaker]
[22:18:27] [main/INFO] [LaunchWrapper]: Loading tweak class name cpw.mods.fml.common.launcher.FMLTweaker
[22:18:27] [main/INFO] [LaunchWrapper]: Using primary tweak class name cpw.mods.fml.common.launcher.FMLTweaker
[22:18:27] [main/INFO] [LaunchWrapper]: Loading tweak class name net.minecraftforge.gradle.tweakers.CoremodTweaker
[22:18:27] [main/INFO] [LaunchWrapper]: Calling tweak class cpw.mods.fml.common.launcher.FMLTweaker
[22:21:07] [main/INFO] [GradleStart]: userProperties: {}
[22:21:07] [main/INFO] [GradleStart]: assetsDir: C:\Users\JamesD\.gradle\caches\retro_futura_gradle\assets
[22:21:07] [main/INFO] [GradleStart]: assetIndex: 1.7.10
[22:21:07] [main/INFO] [GradleStart]: accessToken: 0
[22:21:07] [main/INFO] [GradleStart]: version: 1.7.10
[22:21:07] [main/INFO] [GradleStart]: username: Developer
[22:21:07] [main/INFO] [GradleStart]: Extra: [--gameDir, H:\GitHub\MinecraftModding\Somnia\run, --uuid, 31c4910d-9b69-4725-8969-9ed53ac8a7dc]
[22:21:08] [main/INFO] [GradleStart]: Running with arguments: [--userProperties, {}, --assetsDir, C:\Users\JamesD\.gradle\caches\retro_futura_gradle\assets, --assetIndex, 1.7.10, --accessToken, {REDACTED}, --version, 1.7.10, --username, Developer, --tweakClass, cpw.mods.fml.common.launcher.FMLTweaker, --gameDir, H:\GitHub\MinecraftModding\Somnia\run, --uuid, 31c4910d-9b69-4725-8969-9ed53ac8a7dc, --tweakClass, net.minecraftforge.gradle.tweakers.CoremodTweaker]
[22:21:08] [main/INFO] [LaunchWrapper]: Loading tweak class name cpw.mods.fml.common.launcher.FMLTweaker
[22:21:08] [main/INFO] [LaunchWrapper]: Using primary tweak class name cpw.mods.fml.common.launcher.FMLTweaker
[22:21:08] [main/INFO] [LaunchWrapper]: Loading tweak class name net.minecraftforge.gradle.tweakers.CoremodTweaker
[22:21:08] [main/INFO] [LaunchWrapper]: Calling tweak class cpw.mods.fml.common.launcher.FMLTweaker
[22:22:37] [main/INFO] [GradleStart]: userProperties: {}
[22:22:37] [main/INFO] [GradleStart]: assetsDir: C:\Users\JamesD\.gradle\caches\retro_futura_gradle\assets
[22:22:37] [main/INFO] [GradleStart]: assetIndex: 1.7.10
[22:22:37] [main/INFO] [GradleStart]: accessToken: 0
[22:22:37] [main/INFO] [GradleStart]: version: 1.7.10
[22:22:37] [main/INFO] [GradleStart]: username: Developer
[22:22:37] [main/INFO] [GradleStart]: Extra: [--gameDir, H:\GitHub\MinecraftModding\Somnia\run, --uuid, 31c4910d-9b69-4725-8969-9ed53ac8a7dc]
[22:22:37] [main/INFO] [GradleStart]: Running with arguments: [--userProperties, {}, --assetsDir, C:\Users\JamesD\.gradle\caches\retro_futura_gradle\assets, --assetIndex, 1.7.10, --accessToken, {REDACTED}, --version, 1.7.10, --username, Developer, --tweakClass, cpw.mods.fml.common.launcher.FMLTweaker, --gameDir, H:\GitHub\MinecraftModding\Somnia\run, --uuid, 31c4910d-9b69-4725-8969-9ed53ac8a7dc, --tweakClass, net.minecraftforge.gradle.tweakers.CoremodTweaker]
[22:22:37] [main/INFO] [LaunchWrapper]: Loading tweak class name cpw.mods.fml.common.launcher.FMLTweaker
[22:22:37] [main/INFO] [LaunchWrapper]: Using primary tweak class name cpw.mods.fml.common.launcher.FMLTweaker
[22:22:37] [main/INFO] [LaunchWrapper]: Loading tweak class name net.minecraftforge.gradle.tweakers.CoremodTweaker
[22:22:37] [main/INFO] [LaunchWrapper]: Calling tweak class cpw.mods.fml.common.launcher.FMLTweaker
[22:25:32] [main/INFO] [GradleStart]: userProperties: {}
[22:25:32] [main/INFO] [GradleStart]: assetsDir: C:\Users\JamesD\.gradle\caches\retro_futura_gradle\assets
[22:25:32] [main/INFO] [GradleStart]: assetIndex: 1.7.10
[22:25:32] [main/INFO] [GradleStart]: accessToken: 0
[22:25:32] [main/INFO] [GradleStart]: version: 1.7.10
[22:25:32] [main/INFO] [GradleStart]: username: Developer
[22:25:32] [main/INFO] [GradleStart]: Extra: [--gameDir, H:\GitHub\MinecraftModding\Somnia\run, --uuid, 31c4910d-9b69-4725-8969-9ed53ac8a7dc]
[22:25:32] [main/INFO] [GradleStart]: Running with arguments: [--userProperties, {}, --assetsDir, C:\Users\JamesD\.gradle\caches\retro_futura_gradle\assets, --assetIndex, 1.7.10, --accessToken, {REDACTED}, --version, 1.7.10, --username, Developer, --tweakClass, cpw.mods.fml.common.launcher.FMLTweaker, --gameDir, H:\GitHub\MinecraftModding\Somnia\run, --uuid, 31c4910d-9b69-4725-8969-9ed53ac8a7dc, --tweakClass, net.minecraftforge.gradle.tweakers.CoremodTweaker]
[22:25:32] [main/INFO] [LaunchWrapper]: Loading tweak class name cpw.mods.fml.common.launcher.FMLTweaker
[22:25:32] [main/INFO] [LaunchWrapper]: Using primary tweak class name cpw.mods.fml.common.launcher.FMLTweaker
[22:25:32] [main/INFO] [LaunchWrapper]: Loading tweak class name net.minecraftforge.gradle.tweakers.CoremodTweaker
[22:25:32] [main/INFO] [LaunchWrapper]: Calling tweak class cpw.mods.fml.common.launcher.FMLTweaker
[22:27:15] [main/INFO] [GradleStart]: userProperties: {}
[22:27:15] [main/INFO] [GradleStart]: assetsDir: C:\Users\JamesD\.gradle\caches\retro_futura_gradle\assets
[22:27:15] [main/INFO] [GradleStart]: assetIndex: 1.7.10
[22:27:15] [main/INFO] [GradleStart]: accessToken: 0
[22:27:15] [main/INFO] [GradleStart]: version: 1.7.10
[22:27:15] [main/INFO] [GradleStart]: username: Developer
[22:27:15] [main/INFO] [GradleStart]: Extra: [--gameDir, H:\GitHub\MinecraftModding\Somnia\run, --uuid, 31c4910d-9b69-4725-8969-9ed53ac8a7dc]
[22:27:15] [main/INFO] [GradleStart]: Running with arguments: [--userProperties, {}, --assetsDir, C:\Users\JamesD\.gradle\caches\retro_futura_gradle\assets, --assetIndex, 1.7.10, --accessToken, {REDACTED}, --version, 1.7.10, --username, Developer, --tweakClass, cpw.mods.fml.common.launcher.FMLTweaker, --gameDir, H:\GitHub\MinecraftModding\Somnia\run, --uuid, 31c4910d-9b69-4725-8969-9ed53ac8a7dc, --tweakClass, net.minecraftforge.gradle.tweakers.CoremodTweaker]
[22:27:15] [main/INFO] [LaunchWrapper]: Loading tweak class name cpw.mods.fml.common.launcher.FMLTweaker
[22:27:15] [main/INFO] [LaunchWrapper]: Using primary tweak class name cpw.mods.fml.common.launcher.FMLTweaker
[22:27:15] [main/INFO] [LaunchWrapper]: Loading tweak class name net.minecraftforge.gradle.tweakers.CoremodTweaker
[22:27:15] [main/INFO] [LaunchWrapper]: Calling tweak class cpw.mods.fml.common.launcher.FMLTweaker
[22:31:20] [main/INFO] [GradleStart]: userProperties: {}
[22:31:20] [main/INFO] [GradleStart]: assetsDir: C:\Users\JamesD\.gradle\caches\retro_futura_gradle\assets
[22:31:20] [main/INFO] [GradleStart]: assetIndex: 1.7.10
[22:31:20] [main/INFO] [GradleStart]: accessToken: 0
[22:31:20] [main/INFO] [GradleStart]: version: 1.7.10
[22:31:20] [main/INFO] [GradleStart]: username: Developer
[22:31:20] [main/INFO] [GradleStart]: Extra: [--gameDir, H:\GitHub\MinecraftModding\Somnia\run, --uuid, 31c4910d-9b69-4725-8969-9ed53ac8a7dc]
[22:31:20] [main/INFO] [GradleStart]: Running with arguments: [--userProperties, {}, --assetsDir, C:\Users\JamesD\.gradle\caches\retro_futura_gradle\assets, --assetIndex, 1.7.10, --accessToken, {REDACTED}, --version, 1.7.10, --username, Developer, --tweakClass, cpw.mods.fml.common.launcher.FMLTweaker, --gameDir, H:\GitHub\MinecraftModding\Somnia\run, --uuid, 31c4910d-9b69-4725-8969-9ed53ac8a7dc, --tweakClass, net.minecraftforge.gradle.tweakers.CoremodTweaker]
[22:31:20] [main/INFO] [LaunchWrapper]: Loading tweak class name cpw.mods.fml.common.launcher.FMLTweaker
[22:31:20] [main/INFO] [LaunchWrapper]: Using primary tweak class name cpw.mods.fml.common.launcher.FMLTweaker
[22:31:20] [main/INFO] [LaunchWrapper]: Loading tweak class name net.minecraftforge.gradle.tweakers.CoremodTweaker
[22:31:20] [main/INFO] [LaunchWrapper]: Calling tweak class cpw.mods.fml.common.launcher.FMLTweaker
[22:34:59] [main/INFO] [GradleStart]: userProperties: {}
[22:34:59] [main/INFO] [GradleStart]: assetsDir: C:\Users\JamesD\.gradle\caches\retro_futura_gradle\assets
[22:34:59] [main/INFO] [GradleStart]: assetIndex: 1.7.10
[22:34:59] [main/INFO] [GradleStart]: accessToken: 0
[22:34:59] [main/INFO] [GradleStart]: version: 1.7.10
[22:34:59] [main/INFO] [GradleStart]: username: Developer
[22:34:59] [main/INFO] [GradleStart]: Extra: [--gameDir, H:\GitHub\MinecraftModding\Somnia\run, --uuid, 31c4910d-9b69-4725-8969-9ed53ac8a7dc]
[22:34:59] [main/INFO] [GradleStart]: Running with arguments: [--userProperties, {}, --assetsDir, C:\Users\JamesD\.gradle\caches\retro_futura_gradle\assets, --assetIndex, 1.7.10, --accessToken, {REDACTED}, --version, 1.7.10, --username, Developer, --tweakClass, cpw.mods.fml.common.launcher.FMLTweaker, --gameDir, H:\GitHub\MinecraftModding\Somnia\run, --uuid, 31c4910d-9b69-4725-8969-9ed53ac8a7dc, --tweakClass, net.minecraftforge.gradle.tweakers.CoremodTweaker]
[22:34:59] [main/INFO] [LaunchWrapper]: Loading tweak class name cpw.mods.fml.common.launcher.FMLTweaker
[22:34:59] [main/INFO] [LaunchWrapper]: Using primary tweak class name cpw.mods.fml.common.launcher.FMLTweaker
[22:34:59] [main/INFO] [LaunchWrapper]: Loading tweak class name net.minecraftforge.gradle.tweakers.CoremodTweaker
[22:34:59] [main/INFO] [LaunchWrapper]: Calling tweak class cpw.mods.fml.common.launcher.FMLTweaker
[22:36:37] [main/INFO] [GradleStart]: userProperties: {}
[22:36:37] [main/INFO] [GradleStart]: assetsDir: C:\Users\JamesD\.gradle\caches\retro_futura_gradle\assets
[22:36:37] [main/INFO] [GradleStart]: assetIndex: 1.7.10
[22:36:37] [main/INFO] [GradleStart]: accessToken: 0
[22:36:37] [main/INFO] [GradleStart]: version: 1.7.10
[22:36:37] [main/INFO] [GradleStart]: username: Developer
[22:36:37] [main/INFO] [GradleStart]: Extra: [--gameDir, H:\GitHub\MinecraftModding\Somnia\run, --uuid, 31c4910d-9b69-4725-8969-9ed53ac8a7dc]
[22:36:38] [main/INFO] [GradleStart]: Running with arguments: [--userProperties, {}, --assetsDir, C:\Users\JamesD\.gradle\caches\retro_futura_gradle\assets, --assetIndex, 1.7.10, --accessToken, {REDACTED}, --version, 1.7.10, --username, Developer, --tweakClass, cpw.mods.fml.common.launcher.FMLTweaker, --gameDir, H:\GitHub\MinecraftModding\Somnia\run, --uuid, 31c4910d-9b69-4725-8969-9ed53ac8a7dc, --tweakClass, net.minecraftforge.gradle.tweakers.CoremodTweaker]
[22:36:38] [main/INFO] [LaunchWrapper]: Loading tweak class name cpw.mods.fml.common.launcher.FMLTweaker
[22:36:38] [main/INFO] [LaunchWrapper]: Using primary tweak class name cpw.mods.fml.common.launcher.FMLTweaker
[22:36:38] [main/INFO] [LaunchWrapper]: Loading tweak class name net.minecraftforge.gradle.tweakers.CoremodTweaker
[22:36:38] [main/INFO] [LaunchWrapper]: Calling tweak class cpw.mods.fml.common.launcher.FMLTweaker
[22:40:54] [main/INFO] [GradleStart]: userProperties: {}
[22:40:54] [main/INFO] [GradleStart]: assetsDir: C:\Users\JamesD\.gradle\caches\retro_futura_gradle\assets
[22:40:54] [main/INFO] [GradleStart]: assetIndex: 1.7.10
[22:40:54] [main/INFO] [GradleStart]: accessToken: 0
[22:40:54] [main/INFO] [GradleStart]: version: 1.7.10
[22:40:54] [main/INFO] [GradleStart]: username: Developer
[22:40:54] [main/INFO] [GradleStart]: Extra: [--gameDir, H:\GitHub\MinecraftModding\Somnia\run, --uuid, 31c4910d-9b69-4725-8969-9ed53ac8a7dc]
[22:40:54] [main/INFO] [GradleStart]: Running with arguments: [--userProperties, {}, --assetsDir, C:\Users\JamesD\.gradle\caches\retro_futura_gradle\assets, --assetIndex, 1.7.10, --accessToken, {REDACTED}, --version, 1.7.10, --username, Developer, --tweakClass, cpw.mods.fml.common.launcher.FMLTweaker, --gameDir, H:\GitHub\MinecraftModding\Somnia\run, --uuid, 31c4910d-9b69-4725-8969-9ed53ac8a7dc, --tweakClass, net.minecraftforge.gradle.tweakers.CoremodTweaker]
[22:40:54] [main/INFO] [LaunchWrapper]: Loading tweak class name cpw.mods.fml.common.launcher.FMLTweaker
[22:40:55] [main/INFO] [LaunchWrapper]: Using primary tweak class name cpw.mods.fml.common.launcher.FMLTweaker
[22:40:55] [main/INFO] [LaunchWrapper]: Loading tweak class name net.minecraftforge.gradle.tweakers.CoremodTweaker
[22:40:55] [main/INFO] [LaunchWrapper]: Calling tweak class cpw.mods.fml.common.launcher.FMLTweaker
[22:42:24] [main/INFO] [GradleStart]: userProperties: {}
[22:42:24] [main/INFO] [GradleStart]: assetsDir: C:\Users\JamesD\.gradle\caches\retro_futura_gradle\assets
[22:42:24] [main/INFO] [GradleStart]: assetIndex: 1.7.10
[22:42:24] [main/INFO] [GradleStart]: accessToken: 0
[22:42:24] [main/INFO] [GradleStart]: version: 1.7.10
[22:42:24] [main/INFO] [GradleStart]: username: Developer
[22:42:24] [main/INFO] [GradleStart]: Extra: [--gameDir, H:\GitHub\MinecraftModding\Somnia\run, --uuid, 31c4910d-9b69-4725-8969-9ed53ac8a7dc]
[22:42:24] [main/INFO] [GradleStart]: Running with arguments: [--userProperties, {}, --assetsDir, C:\Users\JamesD\.gradle\caches\retro_futura_gradle\assets, --assetIndex, 1.7.10, --accessToken, {REDACTED}, --version, 1.7.10, --username, Developer, --tweakClass, cpw.mods.fml.common.launcher.FMLTweaker, --gameDir, H:\GitHub\MinecraftModding\Somnia\run, --uuid, 31c4910d-9b69-4725-8969-9ed53ac8a7dc, --tweakClass, net.minecraftforge.gradle.tweakers.CoremodTweaker]
[22:42:24] [main/INFO] [LaunchWrapper]: Loading tweak class name cpw.mods.fml.common.launcher.FMLTweaker
[22:42:24] [main/INFO] [LaunchWrapper]: Using primary tweak class name cpw.mods.fml.common.launcher.FMLTweaker
[22:42:24] [main/INFO] [LaunchWrapper]: Loading tweak class name net.minecraftforge.gradle.tweakers.CoremodTweaker
[22:42:24] [main/INFO] [LaunchWrapper]: Calling tweak class cpw.mods.fml.common.launcher.FMLTweaker
[22:42:51] [main/INFO] [GradleStart]: userProperties: {}
[22:42:51] [main/INFO] [GradleStart]: assetsDir: C:\Users\JamesD\.gradle\caches\retro_futura_gradle\assets
[22:42:51] [main/INFO] [GradleStart]: assetIndex: 1.7.10
[22:42:51] [main/INFO] [GradleStart]: accessToken: 0
[22:42:51] [main/INFO] [GradleStart]: version: 1.7.10
[22:42:51] [main/INFO] [GradleStart]: username: Developer
[22:42:51] [main/INFO] [GradleStart]: Extra: [--gameDir, H:\GitHub\MinecraftModding\Somnia\run, --uuid, 31c4910d-9b69-4725-8969-9ed53ac8a7dc]
[22:42:51] [main/INFO] [GradleStart]: Running with arguments: [--userProperties, {}, --assetsDir, C:\Users\JamesD\.gradle\caches\retro_futura_gradle\assets, --assetIndex, 1.7.10, --accessToken, {REDACTED}, --version, 1.7.10, --username, Developer, --tweakClass, cpw.mods.fml.common.launcher.FMLTweaker, --gameDir, H:\GitHub\MinecraftModding\Somnia\run, --uuid, 31c4910d-9b69-4725-8969-9ed53ac8a7dc, --tweakClass, net.minecraftforge.gradle.tweakers.CoremodTweaker]
[22:42:51] [main/INFO] [LaunchWrapper]: Loading tweak class name cpw.mods.fml.common.launcher.FMLTweaker
[22:42:51] [main/INFO] [LaunchWrapper]: Using primary tweak class name cpw.mods.fml.common.launcher.FMLTweaker
[22:42:51] [main/INFO] [LaunchWrapper]: Loading tweak class name net.minecraftforge.gradle.tweakers.CoremodTweaker
[22:42:51] [main/INFO] [LaunchWrapper]: Calling tweak class cpw.mods.fml.common.launcher.FMLTweaker
[22:43:22] [main/INFO] [GradleStart]: userProperties: {}
[22:43:22] [main/INFO] [GradleStart]: assetsDir: C:\Users\JamesD\.gradle\caches\retro_futura_gradle\assets
[22:43:22] [main/INFO] [GradleStart]: assetIndex: 1.7.10
[22:43:22] [main/INFO] [GradleStart]: accessToken: 0
[22:43:22] [main/INFO] [GradleStart]: version: 1.7.10
[22:43:22] [main/INFO] [GradleStart]: username: Developer
[22:43:22] [main/INFO] [GradleStart]: Extra: [--gameDir, H:\GitHub\MinecraftModding\Somnia\run, --uuid, 31c4910d-9b69-4725-8969-9ed53ac8a7dc]
[22:43:22] [main/INFO] [GradleStart]: Running with arguments: [--userProperties, {}, --assetsDir, C:\Users\JamesD\.gradle\caches\retro_futura_gradle\assets, --assetIndex, 1.7.10, --accessToken, {REDACTED}, --version, 1.7.10, --username, Developer, --tweakClass, cpw.mods.fml.common.launcher.FMLTweaker, --gameDir, H:\GitHub\MinecraftModding\Somnia\run, --uuid, 31c4910d-9b69-4725-8969-9ed53ac8a7dc, --tweakClass, net.minecraftforge.gradle.tweakers.CoremodTweaker]
[22:43:22] [main/INFO] [LaunchWrapper]: Loading tweak class name cpw.mods.fml.common.launcher.FMLTweaker
[22:43:22] [main/INFO] [LaunchWrapper]: Using primary tweak class name cpw.mods.fml.common.launcher.FMLTweaker
[22:43:22] [main/INFO] [LaunchWrapper]: Loading tweak class name net.minecraftforge.gradle.tweakers.CoremodTweaker
[22:43:22] [main/INFO] [LaunchWrapper]: Calling tweak class cpw.mods.fml.common.launcher.FMLTweaker
[22:43:47] [main/INFO] [GradleStart]: userProperties: {}
[22:43:47] [main/INFO] [GradleStart]: assetsDir: C:\Users\JamesD\.gradle\caches\retro_futura_gradle\assets
[22:43:47] [main/INFO] [GradleStart]: assetIndex: 1.7.10
[22:43:47] [main/INFO] [GradleStart]: accessToken: 0
[22:43:47] [main/INFO] [GradleStart]: version: 1.7.10
[22:43:47] [main/INFO] [GradleStart]: username: Developer
[22:43:47] [main/INFO] [GradleStart]: Extra: [--gameDir, H:\GitHub\MinecraftModding\Somnia\run, --uuid, 31c4910d-9b69-4725-8969-9ed53ac8a7dc]
[22:43:47] [main/INFO] [GradleStart]: Running with arguments: [--userProperties, {}, --assetsDir, C:\Users\JamesD\.gradle\caches\retro_futura_gradle\assets, --assetIndex, 1.7.10, --accessToken, {REDACTED}, --version, 1.7.10, --username, Developer, --tweakClass, cpw.mods.fml.common.launcher.FMLTweaker, --gameDir, H:\GitHub\MinecraftModding\Somnia\run, --uuid, 31c4910d-9b69-4725-8969-9ed53ac8a7dc, --tweakClass, net.minecraftforge.gradle.tweakers.CoremodTweaker]
[22:43:47] [main/INFO] [LaunchWrapper]: Loading tweak class name cpw.mods.fml.common.launcher.FMLTweaker
[22:43:47] [main/INFO] [LaunchWrapper]: Using primary tweak class name cpw.mods.fml.common.launcher.FMLTweaker
[22:43:47] [main/INFO] [LaunchWrapper]: Loading tweak class name net.minecraftforge.gradle.tweakers.CoremodTweaker
[22:43:47] [main/INFO] [LaunchWrapper]: Calling tweak class cpw.mods.fml.common.launcher.FMLTweaker
[22:44:12] [main/INFO] [GradleStart]: userProperties: {}
[22:44:12] [main/INFO] [GradleStart]: assetsDir: C:\Users\JamesD\.gradle\caches\retro_futura_gradle\assets
[22:44:12] [main/INFO] [GradleStart]: assetIndex: 1.7.10
[22:44:12] [main/INFO] [GradleStart]: accessToken: 0
[22:44:12] [main/INFO] [GradleStart]: version: 1.7.10
[22:44:12] [main/INFO] [GradleStart]: username: Developer
[22:44:12] [main/INFO] [GradleStart]: Extra: [--gameDir, H:\GitHub\MinecraftModding\Somnia\run, --uuid, 31c4910d-9b69-4725-8969-9ed53ac8a7dc]
[22:44:12] [main/INFO] [GradleStart]: Running with arguments: [--userProperties, {}, --assetsDir, C:\Users\JamesD\.gradle\caches\retro_futura_gradle\assets, --assetIndex, 1.7.10, --accessToken, {REDACTED}, --version, 1.7.10, --username, Developer, --tweakClass, cpw.mods.fml.common.launcher.FMLTweaker, --gameDir, H:\GitHub\MinecraftModding\Somnia\run, --uuid, 31c4910d-9b69-4725-8969-9ed53ac8a7dc, --tweakClass, net.minecraftforge.gradle.tweakers.CoremodTweaker]
[22:44:12] [main/INFO] [LaunchWrapper]: Loading tweak class name cpw.mods.fml.common.launcher.FMLTweaker
[22:44:12] [main/INFO] [LaunchWrapper]: Using primary tweak class name cpw.mods.fml.common.launcher.FMLTweaker
[22:44:12] [main/INFO] [LaunchWrapper]: Loading tweak class name net.minecraftforge.gradle.tweakers.CoremodTweaker
[22:44:12] [main/INFO] [LaunchWrapper]: Calling tweak class cpw.mods.fml.common.launcher.FMLTweaker
[22:44:41] [main/INFO] [GradleStart]: userProperties: {}
[22:44:41] [main/INFO] [GradleStart]: assetsDir: C:\Users\JamesD\.gradle\caches\retro_futura_gradle\assets
[22:44:41] [main/INFO] [GradleStart]: assetIndex: 1.7.10
[22:44:41] [main/INFO] [GradleStart]: accessToken: 0
[22:44:41] [main/INFO] [GradleStart]: version: 1.7.10
[22:44:41] [main/INFO] [GradleStart]: username: Developer
[22:44:41] [main/INFO] [GradleStart]: Extra: [--gameDir, H:\GitHub\MinecraftModding\Somnia\run, --uuid, 31c4910d-9b69-4725-8969-9ed53ac8a7dc]
[22:44:41] [main/INFO] [GradleStart]: Running with arguments: [--userProperties, {}, --assetsDir, C:\Users\JamesD\.gradle\caches\retro_futura_gradle\assets, --assetIndex, 1.7.10, --accessToken, {REDACTED}, --version, 1.7.10, --username, Developer, --tweakClass, cpw.mods.fml.common.launcher.FMLTweaker, --gameDir, H:\GitHub\MinecraftModding\Somnia\run, --uuid, 31c4910d-9b69-4725-8969-9ed53ac8a7dc, --tweakClass, net.minecraftforge.gradle.tweakers.CoremodTweaker]
[22:44:41] [main/INFO] [LaunchWrapper]: Loading tweak class name cpw.mods.fml.common.launcher.FMLTweaker
[22:44:41] [main/INFO] [LaunchWrapper]: Using primary tweak class name cpw.mods.fml.common.launcher.FMLTweaker
[22:44:41] [main/INFO] [LaunchWrapper]: Loading tweak class name net.minecraftforge.gradle.tweakers.CoremodTweaker
[22:44:41] [main/INFO] [LaunchWrapper]: Calling tweak class cpw.mods.fml.common.launcher.FMLTweaker
[22:46:32] [main/INFO] [GradleStart]: userProperties: {}
[22:46:32] [main/INFO] [GradleStart]: assetsDir: C:\Users\JamesD\.gradle\caches\retro_futura_gradle\assets
[22:46:32] [main/INFO] [GradleStart]: assetIndex: 1.7.10
[22:46:32] [main/INFO] [GradleStart]: accessToken: 0
[22:46:32] [main/INFO] [GradleStart]: version: 1.7.10
[22:46:32] [main/INFO] [GradleStart]: username: Developer
[22:46:32] [main/INFO] [GradleStart]: Extra: [--gameDir, H:\GitHub\MinecraftModding\Somnia\run, --uuid, 31c4910d-9b69-4725-8969-9ed53ac8a7dc]
[22:46:32] [main/INFO] [GradleStart]: Running with arguments: [--userProperties, {}, --assetsDir, C:\Users\JamesD\.gradle\caches\retro_futura_gradle\assets, --assetIndex, 1.7.10, --accessToken, {REDACTED}, --version, 1.7.10, --username, Developer, --tweakClass, cpw.mods.fml.common.launcher.FMLTweaker, --gameDir, H:\GitHub\MinecraftModding\Somnia\run, --uuid, 31c4910d-9b69-4725-8969-9ed53ac8a7dc, --tweakClass, net.minecraftforge.gradle.tweakers.CoremodTweaker]
[22:46:32] [main/INFO] [LaunchWrapper]: Loading tweak class name cpw.mods.fml.common.launcher.FMLTweaker
[22:46:32] [main/INFO] [LaunchWrapper]: Using primary tweak class name cpw.mods.fml.common.launcher.FMLTweaker
[22:46:32] [main/INFO] [LaunchWrapper]: Loading tweak class name net.minecraftforge.gradle.tweakers.CoremodTweaker
[22:46:32] [main/INFO] [LaunchWrapper]: Calling tweak class cpw.mods.fml.common.launcher.FMLTweaker
[22:53:30] [main/INFO] [GradleStart]: userProperties: {}
[22:53:30] [main/INFO] [GradleStart]: assetsDir: C:\Users\JamesD\.gradle\caches\retro_futura_gradle\assets
[22:53:30] [main/INFO] [GradleStart]: assetIndex: 1.7.10
[22:53:30] [main/INFO] [GradleStart]: accessToken: 0
[22:53:30] [main/INFO] [GradleStart]: version: 1.7.10
[22:53:30] [main/INFO] [GradleStart]: username: Developer
[22:53:30] [main/INFO] [GradleStart]: Extra: [--gameDir, H:\GitHub\MinecraftModding\Somnia\run, --uuid, 31c4910d-9b69-4725-8969-9ed53ac8a7dc]
[22:53:30] [main/INFO] [GradleStart]: Running with arguments: [--userProperties, {}, --assetsDir, C:\Users\JamesD\.gradle\caches\retro_futura_gradle\assets, --assetIndex, 1.7.10, --accessToken, {REDACTED}, --version, 1.7.10, --username, Developer, --tweakClass, cpw.mods.fml.common.launcher.FMLTweaker, --gameDir, H:\GitHub\MinecraftModding\Somnia\run, --uuid, 31c4910d-9b69-4725-8969-9ed53ac8a7dc, --tweakClass, net.minecraftforge.gradle.tweakers.CoremodTweaker]
[22:53:30] [main/INFO] [LaunchWrapper]: Loading tweak class name cpw.mods.fml.common.launcher.FMLTweaker
[22:53:30] [main/INFO] [LaunchWrapper]: Using primary tweak class name cpw.mods.fml.common.launcher.FMLTweaker
[22:53:30] [main/INFO] [LaunchWrapper]: Loading tweak class name net.minecraftforge.gradle.tweakers.CoremodTweaker
[22:53:30] [main/INFO] [LaunchWrapper]: Calling tweak class cpw.mods.fml.common.launcher.FMLTweaker
[22:54:19] [main/INFO] [GradleStart]: userProperties: {}
[22:54:19] [main/INFO] [GradleStart]: assetsDir: C:\Users\JamesD\.gradle\caches\retro_futura_gradle\assets
[22:54:19] [main/INFO] [GradleStart]: assetIndex: 1.7.10
[22:54:19] [main/INFO] [GradleStart]: accessToken: 0
[22:54:19] [main/INFO] [GradleStart]: version: 1.7.10
[22:54:19] [main/INFO] [GradleStart]: username: Developer
[22:54:19] [main/INFO] [GradleStart]: Extra: [--gameDir, H:\GitHub\MinecraftModding\Somnia\run, --uuid, 31c4910d-9b69-4725-8969-9ed53ac8a7dc]
[22:54:19] [main/INFO] [GradleStart]: Running with arguments: [--userProperties, {}, --assetsDir, C:\Users\JamesD\.gradle\caches\retro_futura_gradle\assets, --assetIndex, 1.7.10, --accessToken, {REDACTED}, --version, 1.7.10, --username, Developer, --tweakClass, cpw.mods.fml.common.launcher.FMLTweaker, --gameDir, H:\GitHub\MinecraftModding\Somnia\run, --uuid, 31c4910d-9b69-4725-8969-9ed53ac8a7dc, --tweakClass, net.minecraftforge.gradle.tweakers.CoremodTweaker]
[22:54:19] [main/INFO] [LaunchWrapper]: Loading tweak class name cpw.mods.fml.common.launcher.FMLTweaker
[22:54:19] [main/INFO] [LaunchWrapper]: Using primary tweak class name cpw.mods.fml.common.launcher.FMLTweaker
[22:54:19] [main/INFO] [LaunchWrapper]: Loading tweak class name net.minecraftforge.gradle.tweakers.CoremodTweaker
[22:54:19] [main/INFO] [LaunchWrapper]: Calling tweak class cpw.mods.fml.common.launcher.FMLTweaker
[22:56:12] [main/INFO] [GradleStart]: userProperties: {}
[22:56:12] [main/INFO] [GradleStart]: assetsDir: C:\Users\JamesD\.gradle\caches\retro_futura_gradle\assets
[22:56:12] [main/INFO] [GradleStart]: assetIndex: 1.7.10
[22:56:12] [main/INFO] [GradleStart]: accessToken: 0
[22:56:12] [main/INFO] [GradleStart]: version: 1.7.10
[22:56:12] [main/INFO] [GradleStart]: username: Developer
[22:56:12] [main/INFO] [GradleStart]: Extra: [--gameDir, H:\GitHub\MinecraftModding\Somnia\run, --uuid, 31c4910d-9b69-4725-8969-9ed53ac8a7dc]
[22:56:12] [main/INFO] [GradleStart]: Running with arguments: [--userProperties, {}, --assetsDir, C:\Users\JamesD\.gradle\caches\retro_futura_gradle\assets, --assetIndex, 1.7.10, --accessToken, {REDACTED}, --version, 1.7.10, --username, Developer, --tweakClass, cpw.mods.fml.common.launcher.FMLTweaker, --gameDir, H:\GitHub\MinecraftModding\Somnia\run, --uuid, 31c4910d-9b69-4725-8969-9ed53ac8a7dc, --tweakClass, net.minecraftforge.gradle.tweakers.CoremodTweaker]
[22:56:12] [main/INFO] [LaunchWrapper]: Loading tweak class name cpw.mods.fml.common.launcher.FMLTweaker
[22:56:12] [main/INFO] [LaunchWrapper]: Using primary tweak class name cpw.mods.fml.common.launcher.FMLTweaker
[22:56:12] [main/INFO] [LaunchWrapper]: Loading tweak class name net.minecraftforge.gradle.tweakers.CoremodTweaker
[22:56:12] [main/INFO] [LaunchWrapper]: Calling tweak class cpw.mods.fml.common.launcher.FMLTweaker
[22:57:41] [main/INFO] [GradleStart]: userProperties: {}
[22:57:41] [main/INFO] [GradleStart]: assetsDir: C:\Users\JamesD\.gradle\caches\retro_futura_gradle\assets
[22:57:41] [main/INFO] [GradleStart]: assetIndex: 1.7.10
[22:57:41] [main/INFO] [GradleStart]: accessToken: 0
[22:57:41] [main/INFO] [GradleStart]: version: 1.7.10
[22:57:41] [main/INFO] [GradleStart]: username: Developer
[22:57:41] [main/INFO] [GradleStart]: Extra: [--gameDir, H:\GitHub\MinecraftModding\Somnia\run, --uuid, 31c4910d-9b69-4725-8969-9ed53ac8a7dc]
[22:57:41] [main/INFO] [GradleStart]: Running with arguments: [--userProperties, {}, --assetsDir, C:\Users\JamesD\.gradle\caches\retro_futura_gradle\assets, --assetIndex, 1.7.10, --accessToken, {REDACTED}, --version, 1.7.10, --username, Developer, --tweakClass, cpw.mods.fml.common.launcher.FMLTweaker, --gameDir, H:\GitHub\MinecraftModding\Somnia\run, --uuid, 31c4910d-9b69-4725-8969-9ed53ac8a7dc, --tweakClass, net.minecraftforge.gradle.tweakers.CoremodTweaker]
[22:57:41] [main/INFO] [LaunchWrapper]: Loading tweak class name cpw.mods.fml.common.launcher.FMLTweaker
[22:57:41] [main/INFO] [LaunchWrapper]: Using primary tweak class name cpw.mods.fml.common.launcher.FMLTweaker
[22:57:41] [main/INFO] [LaunchWrapper]: Loading tweak class name net.minecraftforge.gradle.tweakers.CoremodTweaker
[22:57:41] [main/INFO] [LaunchWrapper]: Calling tweak class cpw.mods.fml.common.launcher.FMLTweaker
[22:58:12] [main/INFO] [GradleStart]: userProperties: {}
[22:58:12] [main/INFO] [GradleStart]: assetsDir: C:\Users\JamesD\.gradle\caches\retro_futura_gradle\assets
[22:58:12] [main/INFO] [GradleStart]: assetIndex: 1.7.10
[22:58:12] [main/INFO] [GradleStart]: accessToken: 0
[22:58:12] [main/INFO] [GradleStart]: version: 1.7.10
[22:58:12] [main/INFO] [GradleStart]: username: Developer
[22:58:12] [main/INFO] [GradleStart]: Extra: [--gameDir, H:\GitHub\MinecraftModding\Somnia\run, --uuid, 31c4910d-9b69-4725-8969-9ed53ac8a7dc]
[22:58:12] [main/INFO] [GradleStart]: Running with arguments: [--userProperties, {}, --assetsDir, C:\Users\JamesD\.gradle\caches\retro_futura_gradle\assets, --assetIndex, 1.7.10, --accessToken, {REDACTED}, --version, 1.7.10, --username, Developer, --tweakClass, cpw.mods.fml.common.launcher.FMLTweaker, --gameDir, H:\GitHub\MinecraftModding\Somnia\run, --uuid, 31c4910d-9b69-4725-8969-9ed53ac8a7dc, --tweakClass, net.minecraftforge.gradle.tweakers.CoremodTweaker]
[22:58:12] [main/INFO] [LaunchWrapper]: Loading tweak class name cpw.mods.fml.common.launcher.FMLTweaker
[22:58:12] [main/INFO] [LaunchWrapper]: Using primary tweak class name cpw.mods.fml.common.launcher.FMLTweaker
[22:58:12] [main/INFO] [LaunchWrapper]: Loading tweak class name net.minecraftforge.gradle.tweakers.CoremodTweaker
[22:58:12] [main/INFO] [LaunchWrapper]: Calling tweak class cpw.mods.fml.common.launcher.FMLTweaker
[23:00:42] [main/INFO] [GradleStart]: userProperties: {}
[23:00:42] [main/INFO] [GradleStart]: assetsDir: C:\Users\JamesD\.gradle\caches\retro_futura_gradle\assets
[23:00:42] [main/INFO] [GradleStart]: assetIndex: 1.7.10
[23:00:42] [main/INFO] [GradleStart]: accessToken: 0
[23:00:42] [main/INFO] [GradleStart]: version: 1.7.10
[23:00:42] [main/INFO] [GradleStart]: username: Developer
[23:00:42] [main/INFO] [GradleStart]: Extra: [--gameDir, H:\GitHub\MinecraftModding\Somnia\run, --uuid, 31c4910d-9b69-4725-8969-9ed53ac8a7dc]
[23:00:43] [main/INFO] [GradleStart]: Running with arguments: [--userProperties, {}, --assetsDir, C:\Users\JamesD\.gradle\caches\retro_futura_gradle\assets, --assetIndex, 1.7.10, --accessToken, {REDACTED}, --version, 1.7.10, --username, Developer, --tweakClass, cpw.mods.fml.common.launcher.FMLTweaker, --gameDir, H:\GitHub\MinecraftModding\Somnia\run, --uuid, 31c4910d-9b69-4725-8969-9ed53ac8a7dc, --tweakClass, net.minecraftforge.gradle.tweakers.CoremodTweaker]
[23:00:43] [main/INFO] [LaunchWrapper]: Loading tweak class name cpw.mods.fml.common.launcher.FMLTweaker
[23:00:43] [main/INFO] [LaunchWrapper]: Using primary tweak class name cpw.mods.fml.common.launcher.FMLTweaker
[23:00:43] [main/INFO] [LaunchWrapper]: Loading tweak class name net.minecraftforge.gradle.tweakers.CoremodTweaker
[23:00:43] [main/INFO] [LaunchWrapper]: Calling tweak class cpw.mods.fml.common.launcher.FMLTweaker
[23:01:49] [main/INFO] [GradleStart]: userProperties: {}
[23:01:49] [main/INFO] [GradleStart]: assetsDir: C:\Users\JamesD\.gradle\caches\retro_futura_gradle\assets
[23:01:49] [main/INFO] [GradleStart]: assetIndex: 1.7.10
[23:01:49] [main/INFO] [GradleStart]: accessToken: 0
[23:01:49] [main/INFO] [GradleStart]: version: 1.7.10
[23:01:49] [main/INFO] [GradleStart]: username: Developer
[23:01:49] [main/INFO] [GradleStart]: Extra: [--gameDir, H:\GitHub\MinecraftModding\Somnia\run, --uuid, 31c4910d-9b69-4725-8969-9ed53ac8a7dc]
[23:01:49] [main/INFO] [GradleStart]: Running with arguments: [--userProperties, {}, --assetsDir, C:\Users\JamesD\.gradle\caches\retro_futura_gradle\assets, --assetIndex, 1.7.10, --accessToken, {REDACTED}, --version, 1.7.10, --username, Developer, --tweakClass, cpw.mods.fml.common.launcher.FMLTweaker, --gameDir, H:\GitHub\MinecraftModding\Somnia\run, --uuid, 31c4910d-9b69-4725-8969-9ed53ac8a7dc, --tweakClass, net.minecraftforge.gradle.tweakers.CoremodTweaker]
[23:01:49] [main/INFO] [LaunchWrapper]: Loading tweak class name cpw.mods.fml.common.launcher.FMLTweaker
[23:01:49] [main/INFO] [LaunchWrapper]: Using primary tweak class name cpw.mods.fml.common.launcher.FMLTweaker
[23:01:49] [main/INFO] [LaunchWrapper]: Loading tweak class name net.minecraftforge.gradle.tweakers.CoremodTweaker
[23:01:49] [main/INFO] [LaunchWrapper]: Calling tweak class cpw.mods.fml.common.launcher.FMLTweaker
[23:06:47] [main/INFO] [GradleStart]: userProperties: {}
[23:06:47] [main/INFO] [GradleStart]: assetsDir: C:\Users\JamesD\.gradle\caches\retro_futura_gradle\assets
[23:06:47] [main/INFO] [GradleStart]: assetIndex: 1.7.10
[23:06:47] [main/INFO] [GradleStart]: accessToken: 0
[23:06:47] [main/INFO] [GradleStart]: version: 1.7.10
[23:06:47] [main/INFO] [GradleStart]: username: Developer
[23:06:47] [main/INFO] [GradleStart]: Extra: [--gameDir, H:\GitHub\MinecraftModding\Somnia\run, --uuid, 31c4910d-9b69-4725-8969-9ed53ac8a7dc]
[23:06:47] [main/INFO] [GradleStart]: Running with arguments: [--userProperties, {}, --assetsDir, C:\Users\JamesD\.gradle\caches\retro_futura_gradle\assets, --assetIndex, 1.7.10, --accessToken, {REDACTED}, --version, 1.7.10, --username, Developer, --tweakClass, cpw.mods.fml.common.launcher.FMLTweaker, --gameDir, H:\GitHub\MinecraftModding\Somnia\run, --uuid, 31c4910d-9b69-4725-8969-9ed53ac8a7dc, --tweakClass, net.minecraftforge.gradle.tweakers.CoremodTweaker]
[23:06:47] [main/INFO] [LaunchWrapper]: Loading tweak class name cpw.mods.fml.common.launcher.FMLTweaker
[23:06:47] [main/INFO] [LaunchWrapper]: Using primary tweak class name cpw.mods.fml.common.launcher.FMLTweaker
[23:06:47] [main/INFO] [LaunchWrapper]: Loading tweak class name net.minecraftforge.gradle.tweakers.CoremodTweaker
[23:06:47] [main/INFO] [LaunchWrapper]: Calling tweak class cpw.mods.fml.common.launcher.FMLTweaker
[23:07:29] [main/INFO] [GradleStart]: userProperties: {}
[23:07:29] [main/INFO] [GradleStart]: assetsDir: C:\Users\JamesD\.gradle\caches\retro_futura_gradle\assets
[23:07:29] [main/INFO] [GradleStart]: assetIndex: 1.7.10
[23:07:29] [main/INFO] [GradleStart]: accessToken: 0
[23:07:29] [main/INFO] [GradleStart]: version: 1.7.10
[23:07:29] [main/INFO] [GradleStart]: username: Developer
[23:07:29] [main/INFO] [GradleStart]: Extra: [--gameDir, H:\GitHub\MinecraftModding\Somnia\run, --uuid, 31c4910d-9b69-4725-8969-9ed53ac8a7dc]
[23:07:29] [main/INFO] [GradleStart]: Running with arguments: [--userProperties, {}, --assetsDir, C:\Users\JamesD\.gradle\caches\retro_futura_gradle\assets, --assetIndex, 1.7.10, --accessToken, {REDACTED}, --version, 1.7.10, --username, Developer, --tweakClass, cpw.mods.fml.common.launcher.FMLTweaker, --gameDir, H:\GitHub\MinecraftModding\Somnia\run, --uuid, 31c4910d-9b69-4725-8969-9ed53ac8a7dc, --tweakClass, net.minecraftforge.gradle.tweakers.CoremodTweaker]
[23:07:29] [main/INFO] [LaunchWrapper]: Loading tweak class name cpw.mods.fml.common.launcher.FMLTweaker
[23:07:29] [main/INFO] [LaunchWrapper]: Using primary tweak class name cpw.mods.fml.common.launcher.FMLTweaker
[23:07:29] [main/INFO] [LaunchWrapper]: Loading tweak class name net.minecraftforge.gradle.tweakers.CoremodTweaker
[23:07:29] [main/INFO] [LaunchWrapper]: Calling tweak class cpw.mods.fml.common.launcher.FMLTweaker
[23:08:29] [main/INFO] [GradleStart]: userProperties: {}
[23:08:29] [main/INFO] [GradleStart]: assetsDir: C:\Users\JamesD\.gradle\caches\retro_futura_gradle\assets
[23:08:29] [main/INFO] [GradleStart]: assetIndex: 1.7.10
[23:08:29] [main/INFO] [GradleStart]: accessToken: 0
[23:08:29] [main/INFO] [GradleStart]: version: 1.7.10
[23:08:29] [main/INFO] [GradleStart]: username: Developer
[23:08:29] [main/INFO] [GradleStart]: Extra: [--gameDir, H:\GitHub\MinecraftModding\Somnia\run, --uuid, 31c4910d-9b69-4725-8969-9ed53ac8a7dc]
[23:08:29] [main/INFO] [GradleStart]: Running with arguments: [--userProperties, {}, --assetsDir, C:\Users\JamesD\.gradle\caches\retro_futura_gradle\assets, --assetIndex, 1.7.10, --accessToken, {REDACTED}, --version, 1.7.10, --username, Developer, --tweakClass, cpw.mods.fml.common.launcher.FMLTweaker, --gameDir, H:\GitHub\MinecraftModding\Somnia\run, --uuid, 31c4910d-9b69-4725-8969-9ed53ac8a7dc, --tweakClass, net.minecraftforge.gradle.tweakers.CoremodTweaker]
[23:08:29] [main/INFO] [LaunchWrapper]: Loading tweak class name cpw.mods.fml.common.launcher.FMLTweaker
[23:08:29] [main/INFO] [LaunchWrapper]: Using primary tweak class name cpw.mods.fml.common.launcher.FMLTweaker
[23:08:29] [main/INFO] [LaunchWrapper]: Loading tweak class name net.minecraftforge.gradle.tweakers.CoremodTweaker
[23:08:29] [main/INFO] [LaunchWrapper]: Calling tweak class cpw.mods.fml.common.launcher.FMLTweaker
[23:09:41] [main/INFO] [GradleStart]: userProperties: {}
[23:09:41] [main/INFO] [GradleStart]: assetsDir: C:\Users\JamesD\.gradle\caches\retro_futura_gradle\assets
[23:09:41] [main/INFO] [GradleStart]: assetIndex: 1.7.10
[23:09:41] [main/INFO] [GradleStart]: accessToken: 0
[23:09:41] [main/INFO] [GradleStart]: version: 1.7.10
[23:09:41] [main/INFO] [GradleStart]: username: Developer
[23:09:41] [main/INFO] [GradleStart]: Extra: [--gameDir, H:\GitHub\MinecraftModding\Somnia\run, --uuid, 31c4910d-9b69-4725-8969-9ed53ac8a7dc]
[23:09:41] [main/INFO] [GradleStart]: Running with arguments: [--userProperties, {}, --assetsDir, C:\Users\JamesD\.gradle\caches\retro_futura_gradle\assets, --assetIndex, 1.7.10, --accessToken, {REDACTED}, --version, 1.7.10, --username, Developer, --tweakClass, cpw.mods.fml.common.launcher.FMLTweaker, --gameDir, H:\GitHub\MinecraftModding\Somnia\run, --uuid, 31c4910d-9b69-4725-8969-9ed53ac8a7dc, --tweakClass, net.minecraftforge.gradle.tweakers.CoremodTweaker]
[23:09:41] [main/INFO] [LaunchWrapper]: Loading tweak class name cpw.mods.fml.common.launcher.FMLTweaker
[23:09:41] [main/INFO] [LaunchWrapper]: Using primary tweak class name cpw.mods.fml.common.launcher.FMLTweaker
[23:09:41] [main/INFO] [LaunchWrapper]: Loading tweak class name net.minecraftforge.gradle.tweakers.CoremodTweaker
[23:09:41] [main/INFO] [LaunchWrapper]: Calling tweak class cpw.mods.fml.common.launcher.FMLTweaker
[23:10:12] [main/INFO] [GradleStart]: userProperties: {}
[23:10:12] [main/INFO] [GradleStart]: assetsDir: C:\Users\JamesD\.gradle\caches\retro_futura_gradle\assets
[23:10:12] [main/INFO] [GradleStart]: assetIndex: 1.7.10
[23:10:12] [main/INFO] [GradleStart]: accessToken: 0
[23:10:12] [main/INFO] [GradleStart]: version: 1.7.10
[23:10:12] [main/INFO] [GradleStart]: username: Developer
[23:10:12] [main/INFO] [GradleStart]: Extra: [--gameDir, H:\GitHub\MinecraftModding\Somnia\run, --uuid, 31c4910d-9b69-4725-8969-9ed53ac8a7dc]
[23:10:12] [main/INFO] [GradleStart]: Running with arguments: [--userProperties, {}, --assetsDir, C:\Users\JamesD\.gradle\caches\retro_futura_gradle\assets, --assetIndex, 1.7.10, --accessToken, {REDACTED}, --version, 1.7.10, --username, Developer, --tweakClass, cpw.mods.fml.common.launcher.FMLTweaker, --gameDir, H:\GitHub\MinecraftModding\Somnia\run, --uuid, 31c4910d-9b69-4725-8969-9ed53ac8a7dc, --tweakClass, net.minecraftforge.gradle.tweakers.CoremodTweaker]
[23:10:12] [main/INFO] [LaunchWrapper]: Loading tweak class name cpw.mods.fml.common.launcher.FMLTweaker
[23:10:12] [main/INFO] [LaunchWrapper]: Using primary tweak class name cpw.mods.fml.common.launcher.FMLTweaker
[23:10:12] [main/INFO] [LaunchWrapper]: Loading tweak class name net.minecraftforge.gradle.tweakers.CoremodTweaker
[23:10:12] [main/INFO] [LaunchWrapper]: Calling tweak class cpw.mods.fml.common.launcher.FMLTweaker
[23:10:47] [main/INFO] [GradleStart]: userProperties: {}
[23:10:47] [main/INFO] [GradleStart]: assetsDir: C:\Users\JamesD\.gradle\caches\retro_futura_gradle\assets
[23:10:47] [main/INFO] [GradleStart]: assetIndex: 1.7.10
[23:10:47] [main/INFO] [GradleStart]: accessToken: 0
[23:10:47] [main/INFO] [GradleStart]: version: 1.7.10
[23:10:47] [main/INFO] [GradleStart]: username: Developer
[23:10:47] [main/INFO] [GradleStart]: Extra: [--gameDir, H:\GitHub\MinecraftModding\Somnia\run, --uuid, 31c4910d-9b69-4725-8969-9ed53ac8a7dc]
[23:10:47] [main/INFO] [GradleStart]: Running with arguments: [--userProperties, {}, --assetsDir, C:\Users\JamesD\.gradle\caches\retro_futura_gradle\assets, --assetIndex, 1.7.10, --accessToken, {REDACTED}, --version, 1.7.10, --username, Developer, --tweakClass, cpw.mods.fml.common.launcher.FMLTweaker, --gameDir, H:\GitHub\MinecraftModding\Somnia\run, --uuid, 31c4910d-9b69-4725-8969-9ed53ac8a7dc, --tweakClass, net.minecraftforge.gradle.tweakers.CoremodTweaker]
[23:10:47] [main/INFO] [LaunchWrapper]: Loading tweak class name cpw.mods.fml.common.launcher.FMLTweaker
[23:10:47] [main/INFO] [LaunchWrapper]: Using primary tweak class name cpw.mods.fml.common.launcher.FMLTweaker
[23:10:47] [main/INFO] [LaunchWrapper]: Loading tweak class name net.minecraftforge.gradle.tweakers.CoremodTweaker
[23:10:47] [main/INFO] [LaunchWrapper]: Calling tweak class cpw.mods.fml.common.launcher.FMLTweaker
[23:11:48] [main/INFO] [GradleStart]: userProperties: {}
[23:11:48] [main/INFO] [GradleStart]: assetsDir: C:\Users\JamesD\.gradle\caches\retro_futura_gradle\assets
[23:11:48] [main/INFO] [GradleStart]: assetIndex: 1.7.10
[23:11:48] [main/INFO] [GradleStart]: accessToken: 0
[23:11:48] [main/INFO] [GradleStart]: version: 1.7.10
[23:11:48] [main/INFO] [GradleStart]: username: Developer
[23:11:48] [main/INFO] [GradleStart]: Extra: [--gameDir, H:\GitHub\MinecraftModding\Somnia\run, --uuid, 31c4910d-9b69-4725-8969-9ed53ac8a7dc]
[23:11:49] [main/INFO] [GradleStart]: Running with arguments: [--userProperties, {}, --assetsDir, C:\Users\JamesD\.gradle\caches\retro_futura_gradle\assets, --assetIndex, 1.7.10, --accessToken, {REDACTED}, --version, 1.7.10, --username, Developer, --tweakClass, cpw.mods.fml.common.launcher.FMLTweaker, --gameDir, H:\GitHub\MinecraftModding\Somnia\run, --uuid, 31c4910d-9b69-4725-8969-9ed53ac8a7dc, --tweakClass, net.minecraftforge.gradle.tweakers.CoremodTweaker]
[23:11:49] [main/INFO] [LaunchWrapper]: Loading tweak class name cpw.mods.fml.common.launcher.FMLTweaker
[23:11:49] [main/INFO] [LaunchWrapper]: Using primary tweak class name cpw.mods.fml.common.launcher.FMLTweaker
[23:11:49] [main/INFO] [LaunchWrapper]: Loading tweak class name net.minecraftforge.gradle.tweakers.CoremodTweaker
[23:11:49] [main/INFO] [LaunchWrapper]: Calling tweak class cpw.mods.fml.common.launcher.FMLTweaker
[23:18:34] [main/INFO] [GradleStart]: userProperties: {}
[23:18:34] [main/INFO] [GradleStart]: assetsDir: C:\Users\JamesD\.gradle\caches\retro_futura_gradle\assets
[23:18:34] [main/INFO] [GradleStart]: assetIndex: 1.7.10
[23:18:34] [main/INFO] [GradleStart]: accessToken: 0
[23:18:34] [main/INFO] [GradleStart]: version: 1.7.10
[23:18:34] [main/INFO] [GradleStart]: username: Developer
[23:18:34] [main/INFO] [GradleStart]: Extra: [--gameDir, H:\GitHub\MinecraftModding\Somnia\run, --uuid, 31c4910d-9b69-4725-8969-9ed53ac8a7dc]
[23:18:34] [main/INFO] [GradleStart]: Running with arguments: [--userProperties, {}, --assetsDir, C:\Users\JamesD\.gradle\caches\retro_futura_gradle\assets, --assetIndex, 1.7.10, --accessToken, {REDACTED}, --version, 1.7.10, --username, Developer, --tweakClass, cpw.mods.fml.common.launcher.FMLTweaker, --gameDir, H:\GitHub\MinecraftModding\Somnia\run, --uuid, 31c4910d-9b69-4725-8969-9ed53ac8a7dc, --tweakClass, net.minecraftforge.gradle.tweakers.CoremodTweaker]
[23:18:34] [main/INFO] [LaunchWrapper]: Loading tweak class name cpw.mods.fml.common.launcher.FMLTweaker
[23:18:34] [main/INFO] [LaunchWrapper]: Using primary tweak class name cpw.mods.fml.common.launcher.FMLTweaker
[23:18:34] [main/INFO] [LaunchWrapper]: Loading tweak class name net.minecraftforge.gradle.tweakers.CoremodTweaker
[23:18:34] [main/INFO] [LaunchWrapper]: Calling tweak class cpw.mods.fml.common.launcher.FMLTweaker
[23:26:31] [main/INFO] [GradleStart]: userProperties: {}
[23:26:31] [main/INFO] [GradleStart]: assetsDir: C:\Users\JamesD\.gradle\caches\retro_futura_gradle\assets
[23:26:31] [main/INFO] [GradleStart]: assetIndex: 1.7.10
[23:26:31] [main/INFO] [GradleStart]: accessToken: 0
[23:26:31] [main/INFO] [GradleStart]: version: 1.7.10
[23:26:31] [main/INFO] [GradleStart]: username: Developer
[23:26:31] [main/INFO] [GradleStart]: Extra: [--gameDir, H:\GitHub\MinecraftModding\Somnia\run, --uuid, 31c4910d-9b69-4725-8969-9ed53ac8a7dc]
[23:26:31] [main/INFO] [GradleStart]: Running with arguments: [--userProperties, {}, --assetsDir, C:\Users\JamesD\.gradle\caches\retro_futura_gradle\assets, --assetIndex, 1.7.10, --accessToken, {REDACTED}, --version, 1.7.10, --username, Developer, --tweakClass, cpw.mods.fml.common.launcher.FMLTweaker, --gameDir, H:\GitHub\MinecraftModding\Somnia\run, --uuid, 31c4910d-9b69-4725-8969-9ed53ac8a7dc, --tweakClass, net.minecraftforge.gradle.tweakers.CoremodTweaker]
[23:26:31] [main/INFO] [LaunchWrapper]: Loading tweak class name cpw.mods.fml.common.launcher.FMLTweaker
[23:26:31] [main/INFO] [LaunchWrapper]: Using primary tweak class name cpw.mods.fml.common.launcher.FMLTweaker
[23:26:31] [main/INFO] [LaunchWrapper]: Loading tweak class name net.minecraftforge.gradle.tweakers.CoremodTweaker
[23:26:31] [main/INFO] [LaunchWrapper]: Calling tweak class cpw.mods.fml.common.launcher.FMLTweaker
[08:28:56] [main/INFO] [GradleStart]: userProperties: {}
[08:28:56] [main/INFO] [GradleStart]: assetsDir: C:\Users\User\.gradle\caches\retro_futura_gradle\assets
[08:28:56] [main/INFO] [GradleStart]: assetIndex: 1.7.10
[08:28:56] [main/INFO] [GradleStart]: accessToken: 0
[08:28:56] [main/INFO] [GradleStart]: version: 1.7.10
[08:28:56] [main/INFO] [GradleStart]: username: Developer
[08:28:56] [main/INFO] [GradleStart]: Extra: [--gameDir, C:\Users\User\Documents\GitHub\Somnia-Revised\run, --uuid, 31c4910d-9b69-4725-8969-9ed53ac8a7dc]
[08:28:56] [main/INFO] [GradleStart]: Running with arguments: [--userProperties, {}, --assetsDir, C:\Users\User\.gradle\caches\retro_futura_gradle\assets, --assetIndex, 1.7.10, --accessToken, {REDACTED}, --version, 1.7.10, --username, Developer, --tweakClass, cpw.mods.fml.common.launcher.FMLTweaker, --gameDir, C:\Users\User\Documents\GitHub\Somnia-Revised\run, --uuid, 31c4910d-9b69-4725-8969-9ed53ac8a7dc, --tweakClass, net.minecraftforge.gradle.tweakers.CoremodTweaker]
[08:28:56] [main/INFO] [LaunchWrapper]: Loading tweak class name cpw.mods.fml.common.launcher.FMLTweaker
[08:28:56] [main/INFO] [LaunchWrapper]: Using primary tweak class name cpw.mods.fml.common.launcher.FMLTweaker
[08:28:56] [main/INFO] [LaunchWrapper]: Loading tweak class name net.minecraftforge.gradle.tweakers.CoremodTweaker
[08:28:56] [main/INFO] [LaunchWrapper]: Calling tweak class cpw.mods.fml.common.launcher.FMLTweaker
[08:37:13] [main/INFO] [GradleStart]: userProperties: {}
[08:37:13] [main/INFO] [GradleStart]: assetsDir: C:\Users\User\.gradle\caches\retro_futura_gradle\assets
[08:37:13] [main/INFO] [GradleStart]: assetIndex: 1.7.10
[08:37:13] [main/INFO] [GradleStart]: accessToken: 0
[08:37:13] [main/INFO] [GradleStart]: version: 1.7.10
[08:37:13] [main/INFO] [GradleStart]: username: Developer
[08:37:13] [main/INFO] [GradleStart]: Extra: [--gameDir, C:\Users\User\Documents\GitHub\Somnia-Revised\run, --uuid, 31c4910d-9b69-4725-8969-9ed53ac8a7dc]
[08:37:13] [main/INFO] [GradleStart]: Running with arguments: [--userProperties, {}, --assetsDir, C:\Users\User\.gradle\caches\retro_futura_gradle\assets, --assetIndex, 1.7.10, --accessToken, {REDACTED}, --version, 1.7.10, --username, Developer, --tweakClass, cpw.mods.fml.common.launcher.FMLTweaker, --gameDir, C:\Users\User\Documents\GitHub\Somnia-Revised\run, --uuid, 31c4910d-9b69-4725-8969-9ed53ac8a7dc, --tweakClass, net.minecraftforge.gradle.tweakers.CoremodTweaker]
[08:37:13] [main/INFO] [LaunchWrapper]: Loading tweak class name cpw.mods.fml.common.launcher.FMLTweaker
[08:37:13] [main/INFO] [LaunchWrapper]: Using primary tweak class name cpw.mods.fml.common.launcher.FMLTweaker
[08:37:13] [main/INFO] [LaunchWrapper]: Loading tweak class name net.minecraftforge.gradle.tweakers.CoremodTweaker
[08:37:13] [main/INFO] [LaunchWrapper]: Calling tweak class cpw.mods.fml.common.launcher.FMLTweaker
